execve("./server", ["./server"], ["LS_COLORS=rs=0:di=01;34:ln=01;36"..., "LC_MEASUREMENT=zh_CN.UTF-8", "SSH_CONNECTION=162.105.16.180 54"..., "LESSCLOSE=/usr/bin/lesspipe %s %"..., "LC_PAPER=zh_CN.UTF-8", "LC_MONETARY=zh_CN.UTF-8", "LANG=en_US.UTF-8", "COLORTERM=truecolor", "LC_NAME=zh_CN.UTF-8", "XDG_SESSION_ID=181", "USER=huangxl", "PWD=/home/huangxl/rdma_train/wri"..., "HOME=/home/huangxl", "BROWSER=/home/huangxl/.vscode-se"..., "VSCODE_GIT_ASKPASS_NODE=/home/hu"..., "TERM_PROGRAM=vscode", "SSH_CLIENT=162.105.16.180 54704 "..., "TERM_PROGRAM_VERSION=1.59.1", "XDG_DATA_DIRS=/usr/local/share:/"..., "VSCODE_IPC_HOOK_CLI=/run/user/10"..., "LC_ADDRESS=zh_CN.UTF-8", "LC_NUMERIC=zh_CN.UTF-8", "MAIL=/var/mail/huangxl", "VSCODE_GIT_ASKPASS_MAIN=/home/hu"..., "TERM=xterm-256color", "SHELL=/bin/bash", "SHLVL=4", "VSCODE_GIT_IPC_HANDLE=/run/user/"..., "LC_TELEPHONE=zh_CN.UTF-8", "LOGNAME=huangxl", "DBUS_SESSION_BUS_ADDRESS=unix:pa"..., "GIT_ASKPASS=/home/huangxl/.vscod"..., "XDG_RUNTIME_DIR=/run/user/1005", "PATH=/home/huangxl/.vscode-serve"..., "LC_IDENTIFICATION=zh_CN.UTF-8", "LESSOPEN=| /usr/bin/lesspipe %s", "LC_TIME=zh_CN.UTF-8", "_=/usr/bin/strace", "OLDPWD=/home/huangxl/rdma_train"]) = 0
brk(NULL)                               = 0x5578c1fd5000
access("/etc/ld.so.nohwcap", F_OK)      = -1 ENOENT (No such file or directory)
access("/etc/ld.so.preload", R_OK)      = -1 ENOENT (No such file or directory)
openat(AT_FDCWD, "/etc/ld.so.cache", O_RDONLY|O_CLOEXEC) = 3
fstat(3, {st_dev=makedev(8, 2), st_ino=53611526, st_mode=S_IFREG|0644, st_nlink=1, st_uid=0, st_gid=0, st_blksize=4096, st_blocks=208, st_size=102419, st_atime=1629584701 /* 2021-08-22T06:25:01.495821445+0800 */, st_atime_nsec=495821445, st_mtime=1629325275 /* 2021-08-19T06:21:15.114786959+0800 */, st_mtime_nsec=114786959, st_ctime=1629325275 /* 2021-08-19T06:21:15.154786765+0800 */, st_ctime_nsec=154786765}) = 0
mmap(NULL, 102419, PROT_READ, MAP_PRIVATE, 3, 0) = 0x7f5e2fbb8000
close(3)                                = 0
access("/etc/ld.so.nohwcap", F_OK)      = -1 ENOENT (No such file or directory)
openat(AT_FDCWD, "/usr/lib/x86_64-linux-gnu/libibverbs.so.1", O_RDONLY|O_CLOEXEC) = 3
read(3, "\177ELF\2\1\1\0\0\0\0\0\0\0\0\0\3\0>\0\1\0\0\0\340b\0\0\0\0\0\0"..., 832) = 832
fstat(3, {st_dev=makedev(8, 2), st_ino=116535683, st_mode=S_IFREG|0644, st_nlink=1, st_uid=0, st_gid=0, st_blksize=4096, st_blocks=240, st_size=121400, st_atime=1629548068 /* 2021-08-21T20:14:28.408024321+0800 */, st_atime_nsec=408024321, st_mtime=1619344435 /* 2021-04-25T17:53:55+0800 */, st_mtime_nsec=0, st_ctime=1629190796 /* 2021-08-17T16:59:56.853804799+0800 */, st_ctime_nsec=853804799}) = 0
mmap(NULL, 8192, PROT_READ|PROT_WRITE, MAP_PRIVATE|MAP_ANONYMOUS, -1, 0) = 0x7f5e2fbb6000
mmap(NULL, 2216768, PROT_READ|PROT_EXEC, MAP_PRIVATE|MAP_DENYWRITE, 3, 0) = 0x7f5e2f78b000
mprotect(0x7f5e2f7a7000, 2097152, PROT_NONE) = 0
mmap(0x7f5e2f9a7000, 8192, PROT_READ|PROT_WRITE, MAP_PRIVATE|MAP_FIXED|MAP_DENYWRITE, 3, 0x1c000) = 0x7f5e2f9a7000
close(3)                                = 0
access("/etc/ld.so.nohwcap", F_OK)      = -1 ENOENT (No such file or directory)
openat(AT_FDCWD, "/usr/lib/x86_64-linux-gnu/libmemcached.so.11", O_RDONLY|O_CLOEXEC) = 3
read(3, "\177ELF\2\1\1\0\0\0\0\0\0\0\0\0\3\0>\0\1\0\0\0 G\0\0\0\0\0\0"..., 832) = 832
fstat(3, {st_dev=makedev(8, 2), st_ino=116527448, st_mode=S_IFREG|0644, st_nlink=1, st_uid=0, st_gid=0, st_blksize=4096, st_blocks=392, st_size=199608, st_atime=1629549757 /* 2021-08-21T20:42:37.942359224+0800 */, st_atime_nsec=942359224, st_mtime=1547815288 /* 2019-01-18T20:41:28+0800 */, st_mtime_nsec=0, st_ctime=1627026502 /* 2021-07-23T15:48:22.906967532+0800 */, st_ctime_nsec=906967532}) = 0
mmap(NULL, 2294736, PROT_READ|PROT_EXEC, MAP_PRIVATE|MAP_DENYWRITE, 3, 0) = 0x7f5e2f55a000
mprotect(0x7f5e2f589000, 2097152, PROT_NONE) = 0
mmap(0x7f5e2f789000, 8192, PROT_READ|PROT_WRITE, MAP_PRIVATE|MAP_FIXED|MAP_DENYWRITE, 3, 0x2f000) = 0x7f5e2f789000
close(3)                                = 0
access("/etc/ld.so.nohwcap", F_OK)      = -1 ENOENT (No such file or directory)
openat(AT_FDCWD, "/lib/x86_64-linux-gnu/libc.so.6", O_RDONLY|O_CLOEXEC) = 3
read(3, "\177ELF\2\1\1\3\0\0\0\0\0\0\0\0\3\0>\0\1\0\0\0\20\35\2\0\0\0\0\0"..., 832) = 832
fstat(3, {st_dev=makedev(8, 2), st_ino=87557464, st_mode=S_IFREG|0755, st_nlink=2, st_uid=0, st_gid=0, st_blksize=4096, st_blocks=3968, st_size=2030928, st_atime=1629555421 /* 2021-08-21T22:17:01.422001788+0800 */, st_atime_nsec=422001788, st_mtime=1607359089 /* 2020-12-08T00:38:09+0800 */, st_mtime_nsec=0, st_ctime=1626097686 /* 2021-07-12T21:48:06.177573069+0800 */, st_ctime_nsec=177573069}) = 0
mmap(NULL, 4131552, PROT_READ|PROT_EXEC, MAP_PRIVATE|MAP_DENYWRITE, 3, 0) = 0x7f5e2f169000
mprotect(0x7f5e2f350000, 2097152, PROT_NONE) = 0
mmap(0x7f5e2f550000, 24576, PROT_READ|PROT_WRITE, MAP_PRIVATE|MAP_FIXED|MAP_DENYWRITE, 3, 0x1e7000) = 0x7f5e2f550000
mmap(0x7f5e2f556000, 15072, PROT_READ|PROT_WRITE, MAP_PRIVATE|MAP_FIXED|MAP_ANONYMOUS, -1, 0) = 0x7f5e2f556000
close(3)                                = 0
access("/etc/ld.so.nohwcap", F_OK)      = -1 ENOENT (No such file or directory)
openat(AT_FDCWD, "/usr/lib/x86_64-linux-gnu/libnl-route-3.so.200", O_RDONLY|O_CLOEXEC) = 3
read(3, "\177ELF\2\1\1\0\0\0\0\0\0\0\0\0\3\0>\0\1\0\0\0\240\230\1\0\0\0\0\0"..., 832) = 832
fstat(3, {st_dev=makedev(8, 2), st_ino=116530157, st_mode=S_IFREG|0644, st_nlink=1, st_uid=0, st_gid=0, st_blksize=4096, st_blocks=920, st_size=468672, st_atime=1629548068 /* 2021-08-21T20:14:28.408024321+0800 */, st_atime_nsec=408024321, st_mtime=1496408823 /* 2017-06-02T21:07:03+0800 */, st_mtime_nsec=0, st_ctime=1625799981 /* 2021-07-09T11:06:21.508136175+0800 */, st_ctime_nsec=508136175}) = 0
mmap(NULL, 2572576, PROT_READ|PROT_EXEC, MAP_PRIVATE|MAP_DENYWRITE, 3, 0) = 0x7f5e2eef4000
mprotect(0x7f5e2ef5f000, 2097152, PROT_NONE) = 0
mmap(0x7f5e2f15f000, 28672, PROT_READ|PROT_WRITE, MAP_PRIVATE|MAP_FIXED|MAP_DENYWRITE, 3, 0x6b000) = 0x7f5e2f15f000
mmap(0x7f5e2f166000, 8480, PROT_READ|PROT_WRITE, MAP_PRIVATE|MAP_FIXED|MAP_ANONYMOUS, -1, 0) = 0x7f5e2f166000
close(3)                                = 0
access("/etc/ld.so.nohwcap", F_OK)      = -1 ENOENT (No such file or directory)
openat(AT_FDCWD, "/lib/x86_64-linux-gnu/libnl-3.so.200", O_RDONLY|O_CLOEXEC) = 3
read(3, "\177ELF\2\1\1\0\0\0\0\0\0\0\0\0\3\0>\0\1\0\0\0\20t\0\0\0\0\0\0"..., 832) = 832
fstat(3, {st_dev=makedev(8, 2), st_ino=87561314, st_mode=S_IFREG|0644, st_nlink=2, st_uid=0, st_gid=0, st_blksize=4096, st_blocks=256, st_size=129760, st_atime=1629548068 /* 2021-08-21T20:14:28.408024321+0800 */, st_atime_nsec=408024321, st_mtime=1496408823 /* 2017-06-02T21:07:03+0800 */, st_mtime_nsec=0, st_ctime=1626097777 /* 2021-07-12T21:49:37.741008000+0800 */, st_ctime_nsec=741008000}) = 0
mmap(NULL, 2225192, PROT_READ|PROT_EXEC, MAP_PRIVATE|MAP_DENYWRITE, 3, 0) = 0x7f5e2ecd4000
mprotect(0x7f5e2ecf2000, 2093056, PROT_NONE) = 0
mmap(0x7f5e2eef1000, 12288, PROT_READ|PROT_WRITE, MAP_PRIVATE|MAP_FIXED|MAP_DENYWRITE, 3, 0x1d000) = 0x7f5e2eef1000
close(3)                                = 0
access("/etc/ld.so.nohwcap", F_OK)      = -1 ENOENT (No such file or directory)
openat(AT_FDCWD, "/lib/x86_64-linux-gnu/libpthread.so.0", O_RDONLY|O_CLOEXEC) = 3
read(3, "\177ELF\2\1\1\0\0\0\0\0\0\0\0\0\3\0>\0\1\0\0\0000b\0\0\0\0\0\0"..., 832) = 832
fstat(3, {st_dev=makedev(8, 2), st_ino=87561266, st_mode=S_IFREG|0755, st_nlink=2, st_uid=0, st_gid=0, st_blksize=4096, st_blocks=288, st_size=144976, st_atime=1629585184 /* 2021-08-22T06:33:04.267785412+0800 */, st_atime_nsec=267785412, st_mtime=1607359089 /* 2020-12-08T00:38:09+0800 */, st_mtime_nsec=0, st_ctime=1626097686 /* 2021-07-12T21:48:06.165573144+0800 */, st_ctime_nsec=165573144}) = 0
mmap(NULL, 2221184, PROT_READ|PROT_EXEC, MAP_PRIVATE|MAP_DENYWRITE, 3, 0) = 0x7f5e2eab5000
mprotect(0x7f5e2eacf000, 2093056, PROT_NONE) = 0
mmap(0x7f5e2ecce000, 8192, PROT_READ|PROT_WRITE, MAP_PRIVATE|MAP_FIXED|MAP_DENYWRITE, 3, 0x19000) = 0x7f5e2ecce000
mmap(0x7f5e2ecd0000, 13440, PROT_READ|PROT_WRITE, MAP_PRIVATE|MAP_FIXED|MAP_ANONYMOUS, -1, 0) = 0x7f5e2ecd0000
close(3)                                = 0
access("/etc/ld.so.nohwcap", F_OK)      = -1 ENOENT (No such file or directory)
openat(AT_FDCWD, "/lib/x86_64-linux-gnu/libdl.so.2", O_RDONLY|O_CLOEXEC) = 3
read(3, "\177ELF\2\1\1\0\0\0\0\0\0\0\0\0\3\0>\0\1\0\0\0P\16\0\0\0\0\0\0"..., 832) = 832
fstat(3, {st_dev=makedev(8, 2), st_ino=87557467, st_mode=S_IFREG|0644, st_nlink=1, st_uid=0, st_gid=0, st_blksize=4096, st_blocks=32, st_size=14560, st_atime=1629558053 /* 2021-08-21T23:00:53.307041491+0800 */, st_atime_nsec=307041491, st_mtime=1607359089 /* 2020-12-08T00:38:09+0800 */, st_mtime_nsec=0, st_ctime=1625799973 /* 2021-07-09T11:06:13.435743316+0800 */, st_ctime_nsec=435743316}) = 0
mmap(NULL, 8192, PROT_READ|PROT_WRITE, MAP_PRIVATE|MAP_ANONYMOUS, -1, 0) = 0x7f5e2fbb4000
mmap(NULL, 2109712, PROT_READ|PROT_EXEC, MAP_PRIVATE|MAP_DENYWRITE, 3, 0) = 0x7f5e2e8b1000
mprotect(0x7f5e2e8b4000, 2093056, PROT_NONE) = 0
mmap(0x7f5e2eab3000, 8192, PROT_READ|PROT_WRITE, MAP_PRIVATE|MAP_FIXED|MAP_DENYWRITE, 3, 0x2000) = 0x7f5e2eab3000
close(3)                                = 0
access("/etc/ld.so.nohwcap", F_OK)      = -1 ENOENT (No such file or directory)
openat(AT_FDCWD, "/usr/lib/x86_64-linux-gnu/libsasl2.so.2", O_RDONLY|O_CLOEXEC) = 3
read(3, "\177ELF\2\1\1\0\0\0\0\0\0\0\0\0\3\0>\0\1\0\0\0\340*\0\0\0\0\0\0"..., 832) = 832
fstat(3, {st_dev=makedev(8, 2), st_ino=116526458, st_mode=S_IFREG|0644, st_nlink=1, st_uid=0, st_gid=0, st_blksize=4096, st_blocks=216, st_size=109296, st_atime=1629601657 /* 2021-08-22T11:07:37.599568561+0800 */, st_atime_nsec=599568561, st_mtime=1607291687 /* 2020-12-07T05:54:47+0800 */, st_mtime_nsec=0, st_ctime=1624919361 /* 2021-06-29T06:29:21.519695710+0800 */, st_ctime_nsec=519695710}) = 0
mmap(NULL, 2204648, PROT_READ|PROT_EXEC, MAP_PRIVATE|MAP_DENYWRITE, 3, 0) = 0x7f5e2e696000
mprotect(0x7f5e2e6af000, 2097152, PROT_NONE) = 0
mmap(0x7f5e2e8af000, 8192, PROT_READ|PROT_WRITE, MAP_PRIVATE|MAP_FIXED|MAP_DENYWRITE, 3, 0x19000) = 0x7f5e2e8af000
close(3)                                = 0
access("/etc/ld.so.nohwcap", F_OK)      = -1 ENOENT (No such file or directory)
openat(AT_FDCWD, "/usr/lib/x86_64-linux-gnu/libstdc++.so.6", O_RDONLY|O_CLOEXEC) = 3
read(3, "\177ELF\2\1\1\3\0\0\0\0\0\0\0\0\3\0>\0\1\0\0\0\220\304\10\0\0\0\0\0"..., 832) = 832
fstat(3, {st_dev=makedev(8, 2), st_ino=116531475, st_mode=S_IFREG|0644, st_nlink=2, st_uid=0, st_gid=0, st_blksize=4096, st_blocks=3120, st_size=1594864, st_atime=1629601499 /* 2021-08-22T11:04:59.236625774+0800 */, st_atime_nsec=236625774, st_mtime=1583843394 /* 2020-03-10T20:29:54+0800 */, st_mtime_nsec=0, st_ctime=1626098789 /* 2021-07-12T22:06:29.387209520+0800 */, st_ctime_nsec=387209520}) = 0
mmap(NULL, 3702848, PROT_READ|PROT_EXEC, MAP_PRIVATE|MAP_DENYWRITE, 3, 0) = 0x7f5e2e30d000
mprotect(0x7f5e2e486000, 2097152, PROT_NONE) = 0
mmap(0x7f5e2e686000, 49152, PROT_READ|PROT_WRITE, MAP_PRIVATE|MAP_FIXED|MAP_DENYWRITE, 3, 0x179000) = 0x7f5e2e686000
mmap(0x7f5e2e692000, 12352, PROT_READ|PROT_WRITE, MAP_PRIVATE|MAP_FIXED|MAP_ANONYMOUS, -1, 0) = 0x7f5e2e692000
close(3)                                = 0
access("/etc/ld.so.nohwcap", F_OK)      = -1 ENOENT (No such file or directory)
openat(AT_FDCWD, "/lib/x86_64-linux-gnu/libgcc_s.so.1", O_RDONLY|O_CLOEXEC) = 3
read(3, "\177ELF\2\1\1\0\0\0\0\0\0\0\0\0\3\0>\0\1\0\0\0\300*\0\0\0\0\0\0"..., 832) = 832
fstat(3, {st_dev=makedev(8, 2), st_ino=87561270, st_mode=S_IFREG|0644, st_nlink=1, st_uid=0, st_gid=0, st_blksize=4096, st_blocks=192, st_size=96616, st_atime=1629601499 /* 2021-08-22T11:04:59.236625774+0800 */, st_atime_nsec=236625774, st_mtime=1583843394 /* 2020-03-10T20:29:54+0800 */, st_mtime_nsec=0, st_ctime=1624858852 /* 2021-06-28T13:40:52.535109235+0800 */, st_ctime_nsec=535109235}) = 0
mmap(NULL, 2192432, PROT_READ|PROT_EXEC, MAP_PRIVATE|MAP_DENYWRITE, 3, 0) = 0x7f5e2e0f5000
mprotect(0x7f5e2e10c000, 2093056, PROT_NONE) = 0
mmap(0x7f5e2e30b000, 8192, PROT_READ|PROT_WRITE, MAP_PRIVATE|MAP_FIXED|MAP_DENYWRITE, 3, 0x16000) = 0x7f5e2e30b000
close(3)                                = 0
access("/etc/ld.so.nohwcap", F_OK)      = -1 ENOENT (No such file or directory)
openat(AT_FDCWD, "/lib/x86_64-linux-gnu/libm.so.6", O_RDONLY|O_CLOEXEC) = 3
read(3, "\177ELF\2\1\1\3\0\0\0\0\0\0\0\0\3\0>\0\1\0\0\0\200\272\0\0\0\0\0\0"..., 832) = 832
fstat(3, {st_dev=makedev(8, 2), st_ino=87557468, st_mode=S_IFREG|0644, st_nlink=2, st_uid=0, st_gid=0, st_blksize=4096, st_blocks=3328, st_size=1700792, st_atime=1629601499 /* 2021-08-22T11:04:59.236625774+0800 */, st_atime_nsec=236625774, st_mtime=1607359089 /* 2020-12-08T00:38:09+0800 */, st_mtime_nsec=0, st_ctime=1626098789 /* 2021-07-12T22:06:29.383209543+0800 */, st_ctime_nsec=383209543}) = 0
mmap(NULL, 3789144, PROT_READ|PROT_EXEC, MAP_PRIVATE|MAP_DENYWRITE, 3, 0) = 0x7f5e2dd57000
mprotect(0x7f5e2def4000, 2093056, PROT_NONE) = 0
mmap(0x7f5e2e0f3000, 8192, PROT_READ|PROT_WRITE, MAP_PRIVATE|MAP_FIXED|MAP_DENYWRITE, 3, 0x19c000) = 0x7f5e2e0f3000
close(3)                                = 0
mmap(NULL, 8192, PROT_READ|PROT_WRITE, MAP_PRIVATE|MAP_ANONYMOUS, -1, 0) = 0x7f5e2fbb2000
mmap(NULL, 12288, PROT_READ|PROT_WRITE, MAP_PRIVATE|MAP_ANONYMOUS, -1, 0) = 0x7f5e2fbaf000
arch_prctl(ARCH_SET_FS, 0x7f5e2fbaf740) = 0
mprotect(0x7f5e2f550000, 16384, PROT_READ) = 0
mprotect(0x7f5e2e0f3000, 4096, PROT_READ) = 0
mprotect(0x7f5e2e30b000, 4096, PROT_READ) = 0
mprotect(0x7f5e2e686000, 40960, PROT_READ) = 0
mprotect(0x7f5e2eab3000, 4096, PROT_READ) = 0
mprotect(0x7f5e2e8af000, 4096, PROT_READ) = 0
mprotect(0x7f5e2ecce000, 4096, PROT_READ) = 0
mprotect(0x7f5e2eef1000, 8192, PROT_READ) = 0
mprotect(0x7f5e2f15f000, 12288, PROT_READ) = 0
mprotect(0x7f5e2f789000, 4096, PROT_READ) = 0
mprotect(0x7f5e2f9a7000, 4096, PROT_READ) = 0
mprotect(0x5578c1ae3000, 4096, PROT_READ) = 0
mprotect(0x7f5e2fbd2000, 4096, PROT_READ) = 0
munmap(0x7f5e2fbb8000, 102419)          = 0
set_tid_address(0x7f5e2fbafa10)         = 30192
set_robust_list(0x7f5e2fbafa20, 24)     = 0
rt_sigaction(SIGRTMIN, {sa_handler=0x7f5e2eabacb0, sa_mask=[], sa_flags=SA_RESTORER|SA_SIGINFO, sa_restorer=0x7f5e2eac7980}, NULL, 8) = 0
rt_sigaction(SIGRT_1, {sa_handler=0x7f5e2eabad50, sa_mask=[], sa_flags=SA_RESTORER|SA_RESTART|SA_SIGINFO, sa_restorer=0x7f5e2eac7980}, NULL, 8) = 0
rt_sigprocmask(SIG_UNBLOCK, [RTMIN RT_1], NULL, 8) = 0
prlimit64(0, RLIMIT_STACK, NULL, {rlim_cur=8192*1024, rlim_max=RLIM64_INFINITY}) = 0
brk(NULL)                               = 0x5578c1fd5000
brk(0x5578c1ff6000)                     = 0x5578c1ff6000
openat(AT_FDCWD, "/proc/net/psched", O_RDONLY) = 3
fstat(3, {st_dev=makedev(0, 4), st_ino=4026532082, st_mode=S_IFREG|0444, st_nlink=1, st_uid=0, st_gid=0, st_blksize=1024, st_blocks=0, st_size=0, st_atime=1629625987 /* 2021-08-22T17:53:07.001319847+0800 */, st_atime_nsec=1319847, st_mtime=1629625987 /* 2021-08-22T17:53:07.001319847+0800 */, st_mtime_nsec=1319847, st_ctime=1629625987 /* 2021-08-22T17:53:07.001319847+0800 */, st_ctime_nsec=1319847}) = 0
read(3, "000003e8 00000040 000f4240 3b9ac"..., 1024) = 36
close(3)                                = 0
stat("/etc/libnl-3/classid", {st_dev=makedev(8, 2), st_ino=53610124, st_mode=S_IFREG|0644, st_nlink=1, st_uid=0, st_gid=0, st_blksize=4096, st_blocks=8, st_size=1130, st_atime=1629548068 /* 2021-08-21T20:14:28.740022277+0800 */, st_atime_nsec=740022277, st_mtime=1496408823 /* 2017-06-02T21:07:03+0800 */, st_mtime_nsec=0, st_ctime=1624858841 /* 2021-06-28T13:40:41.186890628+0800 */, st_ctime_nsec=186890628}) = 0
openat(AT_FDCWD, "/etc/libnl-3/classid", O_RDONLY) = 3
fstat(3, {st_dev=makedev(8, 2), st_ino=53610124, st_mode=S_IFREG|0644, st_nlink=1, st_uid=0, st_gid=0, st_blksize=4096, st_blocks=8, st_size=1130, st_atime=1629548068 /* 2021-08-21T20:14:28.740022277+0800 */, st_atime_nsec=740022277, st_mtime=1496408823 /* 2017-06-02T21:07:03+0800 */, st_mtime_nsec=0, st_ctime=1624858841 /* 2021-06-28T13:40:41.186890628+0800 */, st_ctime_nsec=186890628}) = 0
read(3, "################################"..., 4096) = 1130
read(3, "", 4096)                       = 0
close(3)                                = 0
write(2, "Starting server...\n", 19Starting server...
)    = 19
write(2, "HRD: creating control block, dev"..., 45HRD: creating control block, dev_name=mlx5_0
) = 45
getuid()                                = 1005
geteuid()                               = 1005
geteuid()                               = 1005
prlimit64(0, RLIMIT_MEMLOCK, NULL, {rlim_cur=RLIM64_INFINITY, rlim_max=RLIM64_INFINITY}) = 0
socket(AF_NETLINK, SOCK_RAW|SOCK_CLOEXEC, NETLINK_RDMA) = 3
setsockopt(3, SOL_SOCKET, SO_SNDBUF, [32768], 4) = 0
setsockopt(3, SOL_SOCKET, SO_RCVBUF, [32768], 4) = 0
getpid()                                = 30192
bind(3, {sa_family=AF_NETLINK, nl_pid=-725584400, nl_groups=00000000}, 12) = 0
getsockname(3, {sa_family=AF_NETLINK, nl_pid=-725584400, nl_groups=00000000}, [12]) = 0
sendmsg(3, {msg_name={sa_family=AF_NETLINK, nl_pid=0, nl_groups=00000000}, msg_namelen=12, msg_iov=[{iov_base={len=16, type=0x1401 /* NLMSG_??? */, flags=NLM_F_REQUEST|0x300, seq=1629625987, pid=3569382896}, iov_len=16}], msg_iovlen=1, msg_controllen=0, msg_flags=0}, 0) = 16
recvmsg(3, {msg_name={sa_family=AF_NETLINK, nl_pid=0, nl_groups=00000000}, msg_namelen=12, msg_iov=[{iov_base={{len=124, type=0x1401 /* NLMSG_??? */, flags=NLM_F_MULTI, seq=1629625987, pid=3569382896}, "\x08\x00\x01\x00\x00\x00\x00\x00\x0b\x00\x02\x00\x6d\x6c\x78\x35\x5f\x30\x00\x00\x08\x00\x03\x00\x01\x00\x00\x00\x0c\x00\x04\x00"...}, iov_len=16384}], msg_iovlen=1, msg_controllen=0, msg_flags=0}, 0) = 124
recvmsg(3, {msg_name={sa_family=AF_NETLINK, nl_pid=0, nl_groups=00000000}, msg_namelen=12, msg_iov=[{iov_base={{len=124, type=0x1401 /* NLMSG_??? */, flags=NLM_F_MULTI, seq=1629625987, pid=3569382896}, "\x08\x00\x01\x00\x01\x00\x00\x00\x0b\x00\x02\x00\x6d\x6c\x78\x35\x5f\x31\x00\x00\x08\x00\x03\x00\x01\x00\x00\x00\x0c\x00\x04\x00"...}, iov_len=16384}], msg_iovlen=1, msg_controllen=0, msg_flags=0}, 0) = 124
recvmsg(3, {msg_name={sa_family=AF_NETLINK, nl_pid=0, nl_groups=00000000}, msg_namelen=12, msg_iov=[{iov_base={{len=20, type=NLMSG_DONE, flags=NLM_F_MULTI, seq=1629625987, pid=3569382896}, 0}, iov_len=16384}], msg_iovlen=1, msg_controllen=0, msg_flags=0}, 0) = 20
sendmsg(3, {msg_name={sa_family=AF_NETLINK, nl_pid=0, nl_groups=00000000}, msg_namelen=12, msg_iov=[{iov_base={{len=36, type=0x140f /* NLMSG_??? */, flags=NLM_F_REQUEST, seq=1629625988, pid=3569382896}, "\x08\x00\x01\x00\x01\x00\x00\x00\x0b\x00\x45\x00\x75\x76\x65\x72\x62\x73\x00\x00"}, iov_len=36}], msg_iovlen=1, msg_controllen=0, msg_flags=0}, 0) = 36
recvmsg(3, {msg_name={sa_family=AF_NETLINK, nl_pid=0, nl_groups=00000000}, msg_namelen=12, msg_iov=[{iov_base={{len=60, type=0x140f /* NLMSG_??? */, flags=0, seq=1629625988, pid=3569382896}, "\x08\x00\x49\x00\x01\x00\x00\x00\x0c\x00\x48\x00\xc1\xe7\x00\x00\x00\x00\x00\x00\x0c\x00\x47\x00\x01\x00\x00\x00\x00\x00\x00\x00"...}, iov_len=16384}], msg_iovlen=1, msg_controllen=0, msg_flags=0}, 0) = 60
stat("/dev/infiniband/uverbs1", {st_dev=makedev(0, 6), st_ino=430, st_mode=S_IFCHR|0666, st_nlink=1, st_uid=0, st_gid=0, st_blksize=4096, st_blocks=0, st_rdev=makedev(231, 193), st_atime=1629192220 /* 2021-08-17T17:23:40.543789973+0800 */, st_atime_nsec=543789973, st_mtime=1629192220 /* 2021-08-17T17:23:40.543789973+0800 */, st_mtime_nsec=543789973, st_ctime=1629192220 /* 2021-08-17T17:23:40.543789973+0800 */, st_ctime_nsec=543789973}) = 0
sendmsg(3, {msg_name={sa_family=AF_NETLINK, nl_pid=0, nl_groups=00000000}, msg_namelen=12, msg_iov=[{iov_base={{len=36, type=0x140f /* NLMSG_??? */, flags=NLM_F_REQUEST, seq=1629625989, pid=3569382896}, "\x08\x00\x01\x00\x00\x00\x00\x00\x0b\x00\x45\x00\x75\x76\x65\x72\x62\x73\x00\x00"}, iov_len=36}], msg_iovlen=1, msg_controllen=0, msg_flags=0}, 0) = 36
recvmsg(3, {msg_name={sa_family=AF_NETLINK, nl_pid=0, nl_groups=00000000}, msg_namelen=12, msg_iov=[{iov_base={{len=60, type=0x140f /* NLMSG_??? */, flags=0, seq=1629625989, pid=3569382896}, "\x08\x00\x49\x00\x01\x00\x00\x00\x0c\x00\x48\x00\xc0\xe7\x00\x00\x00\x00\x00\x00\x0c\x00\x47\x00\x01\x00\x00\x00\x00\x00\x00\x00"...}, iov_len=16384}], msg_iovlen=1, msg_controllen=0, msg_flags=0}, 0) = 60
stat("/dev/infiniband/uverbs0", {st_dev=makedev(0, 6), st_ino=429, st_mode=S_IFCHR|0666, st_nlink=1, st_uid=0, st_gid=0, st_blksize=4096, st_blocks=0, st_rdev=makedev(231, 192), st_atime=1629192220 /* 2021-08-17T17:23:40.543789973+0800 */, st_atime_nsec=543789973, st_mtime=1629192220 /* 2021-08-17T17:23:40.543789973+0800 */, st_mtime_nsec=543789973, st_ctime=1629192220 /* 2021-08-17T17:23:40.543789973+0800 */, st_ctime_nsec=543789973}) = 0
close(3)                                = 0
openat(AT_FDCWD, "/etc/libibverbs.d", O_RDONLY|O_NONBLOCK|O_CLOEXEC|O_DIRECTORY) = 3
fstat(3, {st_dev=makedev(8, 2), st_ino=53609087, st_mode=S_IFDIR|0755, st_nlink=2, st_uid=0, st_gid=0, st_blksize=4096, st_blocks=8, st_size=4096, st_atime=1629548070 /* 2021-08-21T20:14:30.112013836+0800 */, st_atime_nsec=112013836, st_mtime=1629190798 /* 2021-08-17T16:59:58.809806681+0800 */, st_mtime_nsec=809806681, st_ctime=1629190798 /* 2021-08-17T16:59:58.809806681+0800 */, st_ctime_nsec=809806681}) = 0
getdents(3, [{d_ino=53611086, d_off=1020939843539079910, d_reclen=32, d_name="mlx5.driver", d_type=DT_REG}, {d_ino=53609087, d_off=7569074735260872210, d_reclen=24, d_name=".", d_type=DT_DIR}, {d_ino=53608449, d_off=9223372036854775807, d_reclen=24, d_name="..", d_type=DT_DIR}], 32768) = 80
stat("/etc/libibverbs.d/mlx5.driver", {st_dev=makedev(8, 2), st_ino=53611086, st_mode=S_IFREG|0644, st_nlink=1, st_uid=0, st_gid=0, st_blksize=4096, st_blocks=8, st_size=12, st_atime=1629548070 /* 2021-08-21T20:14:30.112013836+0800 */, st_atime_nsec=112013836, st_mtime=1619344435 /* 2021-04-25T17:53:55+0800 */, st_mtime_nsec=0, st_ctime=1629190798 /* 2021-08-17T16:59:58.809806681+0800 */, st_ctime_nsec=809806681}) = 0
openat(AT_FDCWD, "/etc/libibverbs.d/mlx5.driver", O_RDONLY|O_CLOEXEC) = 4
fstat(4, {st_dev=makedev(8, 2), st_ino=53611086, st_mode=S_IFREG|0644, st_nlink=1, st_uid=0, st_gid=0, st_blksize=4096, st_blocks=8, st_size=12, st_atime=1629548070 /* 2021-08-21T20:14:30.112013836+0800 */, st_atime_nsec=112013836, st_mtime=1619344435 /* 2021-04-25T17:53:55+0800 */, st_mtime_nsec=0, st_ctime=1629190798 /* 2021-08-17T16:59:58.809806681+0800 */, st_ctime_nsec=809806681}) = 0
read(4, "driver mlx5\n", 4096)          = 12
read(4, "", 4096)                       = 0
close(4)                                = 0
stat("/etc/libibverbs.d/.", {st_dev=makedev(8, 2), st_ino=53609087, st_mode=S_IFDIR|0755, st_nlink=2, st_uid=0, st_gid=0, st_blksize=4096, st_blocks=8, st_size=4096, st_atime=1629548070 /* 2021-08-21T20:14:30.112013836+0800 */, st_atime_nsec=112013836, st_mtime=1629190798 /* 2021-08-17T16:59:58.809806681+0800 */, st_mtime_nsec=809806681, st_ctime=1629190798 /* 2021-08-17T16:59:58.809806681+0800 */, st_ctime_nsec=809806681}) = 0
stat("/etc/libibverbs.d/..", {st_dev=makedev(8, 2), st_ino=53608449, st_mode=S_IFDIR|0755, st_nlink=142, st_uid=0, st_gid=0, st_blksize=4096, st_blocks=24, st_size=12288, st_atime=1629547869 /* 2021-08-21T20:11:09.161277496+0800 */, st_atime_nsec=161277496, st_mtime=1629442780 /* 2021-08-20T14:59:40.196380670+0800 */, st_mtime_nsec=196380670, st_ctime=1629442780 /* 2021-08-20T14:59:40.196380670+0800 */, st_ctime_nsec=196380670}) = 0
getdents(3, [], 32768)                  = 0
close(3)                                = 0
getuid()                                = 1005
geteuid()                               = 1005
futex(0x7f5e2eab40c8, FUTEX_WAKE_PRIVATE, 2147483647) = 0
openat(AT_FDCWD, "/usr/lib/x86_64-linux-gnu/libibverbs/libmlx5-rdmav34.so", O_RDONLY|O_CLOEXEC) = 3
read(3, "\177ELF\2\1\1\0\0\0\0\0\0\0\0\0\3\0>\0\1\0\0\0\340k\0\0\0\0\0\0"..., 832) = 832
fstat(3, {st_dev=makedev(8, 2), st_ino=116535693, st_mode=S_IFREG|0644, st_nlink=1, st_uid=0, st_gid=0, st_blksize=4096, st_blocks=752, st_size=384536, st_atime=1629548070 /* 2021-08-21T20:14:30.112013836+0800 */, st_atime_nsec=112013836, st_mtime=1619344435 /* 2021-04-25T17:53:55+0800 */, st_mtime_nsec=0, st_ctime=1629190798 /* 2021-08-17T16:59:58.797806670+0800 */, st_ctime_nsec=797806670}) = 0
mmap(NULL, 2487920, PROT_READ|PROT_EXEC, MAP_PRIVATE|MAP_DENYWRITE, 3, 0) = 0x7f5e2daf7000
mprotect(0x7f5e2db53000, 2097152, PROT_NONE) = 0
mmap(0x7f5e2dd53000, 8192, PROT_READ|PROT_WRITE, MAP_PRIVATE|MAP_FIXED|MAP_DENYWRITE, 3, 0x5c000) = 0x7f5e2dd53000
mmap(0x7f5e2dd55000, 5744, PROT_READ|PROT_WRITE, MAP_PRIVATE|MAP_FIXED|MAP_ANONYMOUS, -1, 0) = 0x7f5e2dd55000
close(3)                                = 0
mprotect(0x7f5e2dd53000, 4096, PROT_READ) = 0
openat(AT_FDCWD, "/dev/infiniband/uverbs0", O_RDWR|O_CLOEXEC) = 3
fstat(3, {st_dev=makedev(0, 6), st_ino=429, st_mode=S_IFCHR|0666, st_nlink=1, st_uid=0, st_gid=0, st_blksize=4096, st_blocks=0, st_rdev=makedev(231, 192), st_atime=1629192220 /* 2021-08-17T17:23:40.543789973+0800 */, st_atime_nsec=543789973, st_mtime=1629192220 /* 2021-08-17T17:23:40.543789973+0800 */, st_mtime_nsec=543789973, st_ctime=1629192220 /* 2021-08-17T17:23:40.543789973+0800 */, st_ctime_nsec=543789973}) = 0
mmap(NULL, 270336, PROT_READ|PROT_WRITE, MAP_PRIVATE|MAP_ANONYMOUS, -1, 0) = 0x7f5e2fb6d000
ioctl(3, _IOC(_IOC_READ|_IOC_WRITE, 0x1b, 0x1, 0x18), 0x7ffc714a21f0) = -1 ENOSPC (No space left on device)
uname({sysname="Linux", nodename="poweredge1-PowerEdge-R740", release="4.15.0-147-generic", version="#151-Ubuntu SMP Fri Jun 18 19:21:19 UTC 2021", machine="x86_64", domainname="(none)"}) = 0
ioctl(3, _IOC(_IOC_READ|_IOC_WRITE, 0x1b, 0x1, 0x18), 0x7ffc714a2160) = 0
mmap(NULL, 4096, PROT_READ, MAP_SHARED, 3, 0x500000) = 0x7f5e2fbd1000
mmap(NULL, 4096, PROT_READ, MAP_SHARED, 3, 0x700000) = 0x7f5e2fbd0000
openat(AT_FDCWD, "/proc/cpuinfo", O_RDONLY) = 4
fstat(4, {st_dev=makedev(0, 4), st_ino=4026532086, st_mode=S_IFREG|0444, st_nlink=1, st_uid=0, st_gid=0, st_blksize=1024, st_blocks=0, st_size=0, st_atime=1629625987 /* 2021-08-22T17:53:07.001319847+0800 */, st_atime_nsec=1319847, st_mtime=1629625987 /* 2021-08-22T17:53:07.001319847+0800 */, st_mtime_nsec=1319847, st_ctime=1629625987 /* 2021-08-22T17:53:07.001319847+0800 */, st_ctime_nsec=1319847}) = 0
read(4, "processor\t: 0\nvendor_id\t: Genuin"..., 1024) = 1024
read(4, "p clflushopt clwb intel_pt avx51"..., 1024) = 1024
read(4, "mulqdq dtes64 monitor ds_cpl vmx"..., 1024) = 1024
read(4, "ze\t: 14080 KB\nphysical id\t: 0\nsi"..., 1024) = 1024
read(4, "ear flush_l1d arch_capabilities\n"..., 1024) = 1024
read(4, "ch cpuid_fault epb cat_l3 cdp_l3"..., 1024) = 1024
read(4, "sc msr pae mce cx8 apic sep mtrr"..., 1024) = 1024
read(4, " physical, 48 bits virtual\npower"..., 1024) = 1024
read(4, "id cqm mpx rdt_a avx512f avx512d"..., 1024) = 1024
read(4, "xtopology nonstop_tsc cpuid aper"..., 1024) = 1024
read(4, "ocode\t: 0x5003102\ncpu MHz\t\t: 289"..., 1024) = 1024
read(4, "erm ida arat pln pts pku ospke a"..., 1024) = 1024
read(4, " xsave avx f16c rdrand lahf_lm a"..., 1024) = 1024
read(4, "d level\t: 22\nwp\t\t: yes\nflags\t\t: "..., 1024) = 1024
read(4, " 64\ncache_alignment\t: 64\naddress"..., 1024) = 1024
read(4, "fsgsbase tsc_adjust bmi1 avx2 sm"..., 1024) = 1024
read(4, " constant_tsc art arch_perfmon p"..., 1024) = 1024
read(4, "R) Xeon(R) Silver 4210R CPU @ 2."..., 1024) = 1024
read(4, "s cqm_llc cqm_occup_llc cqm_mbm_"..., 1024) = 1024
read(4, "a sse4_1 sse4_2 x2apic movbe pop"..., 1024) = 1024
read(4, ": 22\ninitial apicid\t: 22\nfpu\t\t: "..., 1024) = 1024
read(4, "s swapgs taa itlb_multihit\nbogom"..., 1024) = 1024
read(4, "b stibp ibrs_enhanced tpr_shadow"..., 1024) = 1024
read(4, "mmx fxsr sse sse2 ss ht tm pbe s"..., 1024) = 1024
read(4, "GenuineIntel\ncpu family\t: 6\nmode"..., 1024) = 1024
read(4, "pt avx512cd avx512bw avx512vl xs"..., 1024) = 1024
read(4, "ds_cpl vmx smx est tm2 ssse3 sdb"..., 1024) = 1024
read(4, "l id\t: 1\nsiblings\t: 20\ncore id\t\t"..., 1024) = 1024
read(4, "_capabilities\nbugs\t\t: spectre_v1"..., 1024) = 1024
read(4, "cat_l3 cdp_l3 invpcid_single int"..., 1024) = 1024
read(4, "x8 apic sep mtrr pge mca cmov pa"..., 1024) = 1024
read(4, "ts virtual\npower management:\n\npr"..., 1024) = 1024
read(4, "avx512f avx512dq rdseed adx smap"..., 1024) = 1024
read(4, "top_tsc cpuid aperfmperf pni pcl"..., 1024) = 1024
read(4, "3102\ncpu MHz\t\t: 2899.892\ncache s"..., 1024) = 1024
read(4, "n pts pku ospke avx512_vnni md_c"..., 1024) = 1024
read(4, "16c rdrand lahf_lm abm 3dnowpref"..., 1024) = 1024
read(4, "wp\t\t: yes\nflags\t\t: fpu vme de ps"..., 1024) = 1024
read(4, "gnment\t: 64\naddress sizes\t: 46 b"..., 1024) = 1024
read(4, "djust bmi1 avx2 smep bmi2 erms i"..., 1024) = 1024
read(4, " arch_perfmon pebs bts rep_good "..., 1024) = 1024
read(4, " 4210R CPU @ 2.40GHz\nstepping\t: "..., 1024) = 1024
read(4, "up_llc cqm_mbm_total cqm_mbm_loc"..., 1024) = 1024
read(4, "x2apic movbe popcnt tsc_deadline"..., 1024) = 1024
read(4, "cid\t: 57\nfpu\t\t: yes\nfpu_exceptio"..., 1024) = 1024
read(4, "b_multihit\nbogomips\t: 4801.66\ncl"..., 1024) = 1024
read(4, "nced tpr_shadow vnmi flexpriorit"..., 1024) = 1024
read(4, " ss ht tm pbe syscall nx pdpe1gb"..., 1024) = 1024
read(4, "family\t: 6\nmodel\t\t: 85\nmodel nam"..., 1024) = 1024
read(4, "12bw avx512vl xsaveopt xsavec xg"..., 1024) = 1024
read(4, "st tm2 ssse3 sdbg fma cx16 xtpr "..., 1024) = 1024
read(4, "s\t: 20\ncore id\t\t: 9\ncpu cores\t: "..., 1024) = 1024
read(4, "s\t\t: spectre_v1 spectre_v2 spec_"..., 1024) = 1024
read(4, "nvpcid_single intel_ppin ssbd mb"..., 1024) = 1024
read(4, "rr pge mca cmov pat pse36 clflus"..., 1024) = 1024
read(4, "er management:\n\nprocessor\t: 39\nv"..., 1024) = 1024
read(4, "512dq rdseed adx smap clflushopt"..., 1024) = 438
read(4, "", 1024)                       = 0
close(4)                                = 0
ioctl(3, _IOC(_IOC_READ|_IOC_WRITE, 0x1b, 0x1, 0x18), 0x7ffc7149fd70) = 0
ioctl(3, _IOC(_IOC_READ|_IOC_WRITE, 0x1b, 0x1, 0x18), 0x7ffc7149fd70) = 0
ioctl(3, _IOC(_IOC_READ|_IOC_WRITE, 0x1b, 0x1, 0x18), 0x7ffc7149fad0) = 0
ioctl(3, _IOC(_IOC_READ|_IOC_WRITE, 0x1b, 0x1, 0x18), 0x7ffc714a1f60) = 0
ioctl(3, _IOC(_IOC_READ|_IOC_WRITE, 0x1b, 0x1, 0x18), 0x7ffc714a1f50) = 0
mmap(NULL, 4096, PROT_WRITE, MAP_SHARED, 3, 0x900000) = 0x7f5e2fbcf000
ioctl(3, _IOC(_IOC_READ|_IOC_WRITE, 0x1b, 0x1, 0x18), 0x7ffc714a2340) = 0
ioctl(3, _IOC(_IOC_READ|_IOC_WRITE, 0x1b, 0x1, 0x18), 0x7ffc714a22b0) = 0
ioctl(3, _IOC(_IOC_READ|_IOC_WRITE, 0x1b, 0x1, 0x18), 0x7ffc714a21f0) = 0
ioctl(3, _IOC(_IOC_READ|_IOC_WRITE, 0x1b, 0x1, 0x18), 0x7ffc714a1e80) = 0
brk(0x5578c201a000)                     = 0x5578c201a000
mmap(NULL, 401408, PROT_READ|PROT_WRITE, MAP_PRIVATE|MAP_ANONYMOUS, -1, 0) = 0x7f5e2fb0b000
ioctl(3, _IOC(_IOC_READ|_IOC_WRITE, 0x1b, 0x1, 0x18), 0x7ffc714a1dc0) = 0
mmap(NULL, 4096, PROT_WRITE, MAP_SHARED, 3, 0x901000) = 0x7f5e2fbce000
ioctl(3, _IOC(_IOC_READ|_IOC_WRITE, 0x1b, 0x1, 0x18), 0x7ffc714a1b30) = 0
ioctl(3, _IOC(_IOC_READ|_IOC_WRITE, 0x1b, 0x1, 0x18), 0x7ffc714a1ed0) = 0
socket(AF_INET, SOCK_STREAM|SOCK_CLOEXEC|SOCK_NONBLOCK, IPPROTO_TCP) = 5
connect(5, {sa_family=AF_INET, sin_port=htons(8888), sin_addr=inet_addr("192.168.2.1")}, 16) = -1 EINPROGRESS (Operation now in progress)
poll([{fd=5, events=POLLOUT}], 1, 4000) = 1 ([{fd=5, revents=POLLOUT}])
getsockopt(5, SOL_SOCKET, SO_ERROR, [0], [4]) = 0
sendto(5, "set server-qp 0 0 24\r\n\0\0\0\0\0\0\0\0\0\0"..., 48, MSG_NOSIGNAL, NULL, 0) = 48
recvfrom(5, 0x5578c20055e8, 8196, MSG_NOSIGNAL, NULL, NULL) = -1 EAGAIN (Resource temporarily unavailable)
poll([{fd=5, events=POLLIN}], 1, 5000)  = 1 ([{fd=5, revents=POLLIN}])
recvfrom(5, "STORED\r\n", 8196, MSG_NOSIGNAL, NULL, NULL) = 8
sendto(5, "quit\r\n", 6, MSG_NOSIGNAL, NULL, 0) = 6
shutdown(5, SHUT_WR)                    = 0
shutdown(5, SHUT_RD)                    = -1 ENOTCONN (Transport endpoint is not connected)
close(5)                                = 0
socket(AF_INET, SOCK_STREAM|SOCK_CLOEXEC|SOCK_NONBLOCK, IPPROTO_TCP) = 5
connect(5, {sa_family=AF_INET, sin_port=htons(8888), sin_addr=inet_addr("192.168.2.1")}, 16) = -1 EINPROGRESS (Operation now in progress)
poll([{fd=5, events=POLLOUT}], 1, 4000) = 1 ([{fd=5, revents=POLLOUT}])
getsockopt(5, SOL_SOCKET, SO_ERROR, [0], [4]) = 0
sendto(5, "get client-qp\r\n", 15, MSG_NOSIGNAL, NULL, 0) = 15
recvfrom(5, "VALUE client-qp 0 24\r\n\0\0\0\0\0\0\0\0\0\0"..., 8196, MSG_NOSIGNAL, NULL, NULL) = 53
sendto(5, "quit\r\n", 6, MSG_NOSIGNAL, NULL, 0) = 6
shutdown(5, SHUT_WR)                    = 0
shutdown(5, SHUT_RD)                    = -1 ENOTCONN (Transport endpoint is not connected)
close(5)                                = 0
write(2, "Successfully get client qp!\n", 28Successfully get client qp!
) = 28
write(2, " 0:", 3 0:)                      = 3
write(2, " 0:", 3 0:)                      = 3
write(2, " 0:", 3 0:)                      = 3
write(2, " 0:", 3 0:)                      = 3
write(2, " 0:", 3 0:)                      = 3
write(2, " 0:", 3 0:)                      = 3
write(2, " 0:", 3 0:)                      = 3
write(2, " 0:", 3 0:)                      = 3
write(2, " 0:", 3 0:)                      = 3
write(2, " 0:", 3 0:)                      = 3
write(2, "ff:", 3ff:)                      = 3
write(2, "ff:", 3ff:)                      = 3
write(2, "c0:", 3c0:)                      = 3
write(2, "a8:", 3a8:)                      = 3
write(2, " 1:", 3 1:)                      = 3
write(2, " 1:", 3 1:)                      = 3
write(2, "\n", 1
)                       = 1
write(2, "287\n", 4287
)                    = 4
ioctl(3, _IOC(_IOC_READ|_IOC_WRITE, 0x1b, 0x1, 0x18), 0x7ffc714a1ed0) = 0
write(2, "Successfully modify QP to RTR\n", 30Successfully modify QP to RTR
) = 30
ioctl(3, _IOC(_IOC_READ|_IOC_WRITE, 0x1b, 0x1, 0x18), 0x7ffc714a1ed0) = -1 EINVAL (Invalid argument)
write(2, "Failed to modify QP to RTS", 26Failed to modify QP to RTS) = 26
write(2, " Error 22 Invalid argument , ret"..., 43 Error 22 Invalid argument , ret value: 22
) = 43
exit_group(1)                           = ?
+++ exited with 1 +++
